2024/10/07 10:36:07 AM *********************************************************************
* LD Score Regression (LDSC)
* Version 1.0.0
* (C) 2014-2015 Brendan Bulik-Sullivan and Hilary Finucane
* Broad Institute of MIT and Harvard / MIT Department of Mathematics
* GNU General Public License v3
*********************************************************************
Call: 
./munge_sumstats.py \
--out /maps/projects/thor/data/Epilepsy-TSC2/5cacoa/Neurons_3.0/CELLEX/GWAS_2023/munged/focal_ep_munged \
--merge-alleles data/ldsc/w_hm3.snplist \
--n-value 766345 \
--sumstats /maps/projects/thor/data/Epilepsy-TSC2/5cacoa/Neurons_3.0/CELLEX/GWAS_2023/ILAE3_Caucasian_focal_epilepsy_final.tbl \
--p PVAL 

2024/10/07 10:36:07 AM Interpreting column names as follows:
2024/10/07 10:36:07 AM MarkerName:	Variant ID (e.g., rs number)
P-value:	p-Value
Allele2:	a2, interpreted as non-ref allele for signed sumstat.
Allele1:	a1, interpreted as ref allele for signed sumstat.
Beta:	[linear/logistic] regression coefficient (0 --> no effect; above 0 --> A1 is trait/risk increasing)
SE:	Standard errors of BETA coefficients

2024/10/07 10:36:07 AM Reading list of SNPs for allele merge from data/ldsc/w_hm3.snplist
2024/10/07 10:36:08 AM Read 1217311 SNPs for allele merge.
2024/10/07 10:36:15 AM Reading sumstats from /maps/projects/thor/data/Epilepsy-TSC2/5cacoa/Neurons_3.0/CELLEX/GWAS_2023/ILAE3_Caucasian_focal_epilepsy_final.tbl into memory 5000000 SNPs at a time.
2024/10/07 10:36:38 AM Read 4861641 SNPs from --sumstats file.
Removed 3951138 SNPs not in --merge-alleles.
Removed 4216 SNPs with missing values.
Removed 0 SNPs with INFO <= 0.9.
Removed 0 SNPs with MAF <= 0.01.
Removed 0 SNPs with SE <0 or NaN values.
Removed 0 SNPs with out-of-bounds p-values.
Removed 2 variants that were not SNPs or were strand-ambiguous.
906285 SNPs remain.
2024/10/07 10:36:38 AM Adding uniform sample size 766345 to summary statistics.
2024/10/07 10:36:38 AM Removed 0 SNPs with duplicated rs numbers (906285 SNPs remain).
2024/10/07 10:36:38 AM Removed 0 SNPs with N < 510896.666667 (906285 SNPs remain).
2024/10/07 10:36:46 AM Median value of Beta was 0.0, which seems sensible.
2024/10/07 10:36:48 AM Removed 2 SNPs whose alleles did not match --merge-alleles (906283 SNPs remain).
2024/10/07 10:36:49 AM Writing summary statistics for 906283 SNPs (906283 with nonmissing N) to /maps/projects/thor/data/Epilepsy-TSC2/5cacoa/Neurons_3.0/CELLEX/GWAS_2023/munged/focal_ep_munged.sumstats.gz.
2024/10/07 10:36:56 AM Dropping snps with null values
2024/10/07 10:36:56 AM 
Metadata:
2024/10/07 10:36:56 AM Mean chi^2 = 1.17
2024/10/07 10:36:56 AM Lambda GC = 1.169
2024/10/07 10:36:56 AM Max chi^2 = 27.832
2024/10/07 10:36:56 AM 0 Genome-wide significant SNPs (some may have been removed by filtering).
2024/10/07 10:36:56 AM 
Conversion finished at Mon Oct  7 10:36:56 2024
2024/10/07 10:36:56 AM Total time elapsed: 49.27s
